0 info it worked if it ends with ok
1 verbose cli [ '/usr/local/bin/node',
1 verbose cli   '/usr/local/bin/npm',
1 verbose cli   'install',
1 verbose cli   'hilight.js' ]
2 info using npm@1.4.9
3 info using node@v0.11.13
4 warn package.json learnes6@0.0.0 No description
5 warn package.json learnes6@0.0.0 No repository field.
6 warn package.json learnes6@0.0.0 No README data
7 verbose readDependencies using package.json deps
8 verbose cache add [ 'hilight.js', null ]
9 verbose cache add name=undefined spec="hilight.js" args=["hilight.js",null]
10 verbose parsed url { protocol: null,
10 verbose parsed url   slashes: null,
10 verbose parsed url   auth: null,
10 verbose parsed url   host: null,
10 verbose parsed url   port: null,
10 verbose parsed url   hostname: null,
10 verbose parsed url   hash: null,
10 verbose parsed url   search: null,
10 verbose parsed url   query: null,
10 verbose parsed url   pathname: 'hilight.js',
10 verbose parsed url   path: 'hilight.js',
10 verbose parsed url   href: 'hilight.js' }
11 silly lockFile c94d7c02-hilight-js hilight.js
12 verbose lock hilight.js /Users/Brian/.npm/c94d7c02-hilight-js.lock
13 silly lockFile c94d7c02-hilight-js hilight.js
14 silly lockFile c94d7c02-hilight-js hilight.js
15 verbose addNamed [ 'hilight.js', '' ]
16 verbose addNamed [ null, '*' ]
17 silly lockFile de1f3326-hilight-js hilight.js@
18 verbose lock hilight.js@ /Users/Brian/.npm/de1f3326-hilight-js.lock
19 silly addNameRange { name: 'hilight.js', range: '*', hasData: false }
20 verbose url raw hilight.js
21 verbose url resolving [ 'https://registry.npmjs.org/', './hilight.js' ]
22 verbose url resolved https://registry.npmjs.org/hilight.js
23 info trying registry request attempt 1 at 23:38:16
24 http GET https://registry.npmjs.org/hilight.js
25 http 404 https://registry.npmjs.org/hilight.js
26 verbose headers { date: 'Fri, 19 Sep 2014 03:38:17 GMT',
26 verbose headers   server: 'CouchDB/1.5.0 (Erlang OTP/R16B03)',
26 verbose headers   'content-type': 'application/json',
26 verbose headers   'cache-control': 'max-age=0',
26 verbose headers   'content-length': '52',
26 verbose headers   'accept-ranges': 'bytes',
26 verbose headers   via: '1.1 varnish',
26 verbose headers   age: '0',
26 verbose headers   'x-served-by': 'cache-ord1729-ORD',
26 verbose headers   'x-cache': 'MISS',
26 verbose headers   'x-cache-hits': '0',
26 verbose headers   'x-timer': 'S1411097896.721790,VS0,VE426',
26 verbose headers   connection: 'close' }
27 silly registry.get cb [ 404,
27 silly registry.get   { date: 'Fri, 19 Sep 2014 03:38:17 GMT',
27 silly registry.get     server: 'CouchDB/1.5.0 (Erlang OTP/R16B03)',
27 silly registry.get     'content-type': 'application/json',
27 silly registry.get     'cache-control': 'max-age=0',
27 silly registry.get     'content-length': '52',
27 silly registry.get     'accept-ranges': 'bytes',
27 silly registry.get     via: '1.1 varnish',
27 silly registry.get     age: '0',
27 silly registry.get     'x-served-by': 'cache-ord1729-ORD',
27 silly registry.get     'x-cache': 'MISS',
27 silly registry.get     'x-cache-hits': '0',
27 silly registry.get     'x-timer': 'S1411097896.721790,VS0,VE426',
27 silly registry.get     connection: 'close' } ]
28 silly lockFile de1f3326-hilight-js hilight.js@
29 silly lockFile de1f3326-hilight-js hilight.js@
30 error 404 404 Not Found: hilight.js
30 error 404
30 error 404 'hilight.js' is not in the npm registry.
30 error 404 You should bug the author to publish it
30 error 404 It was specified as a dependency of 'learnes6'
30 error 404
30 error 404 Maybe try 'npm search hilight'
30 error 404
30 error 404 Note that you can also install from a
30 error 404 tarball, folder, or http url, or git url.
31 error System Darwin 13.3.0
32 error command "/usr/local/bin/node" "/usr/local/bin/npm" "install" "hilight.js"
33 error cwd /Users/Brian/Desktop/code/learnharmony
34 error node -v v0.11.13
35 error npm -v 1.4.9
36 error code E404
37 verbose exit [ 1, true ]
